2025-06-16 08:35:48.496438 [WARN] [DownloadEngineFactory.cc:198] Neither --rpc-secret nor a combination of --rpc-user and --rpc-passwd is set. This is insecure. It is extremely recommended to specify --rpc-secret with the adequate secrecy or now deprecated --rpc-user and --rpc-passwd.
2025-06-16 09:30:35.187095 [ERROR] [AbstractCommand.cc:377] CUID#12 - Download aborted. URI=https://files.pythonhosted.org/packages/5c/98/d145af334fd5807d6ba1ead447bf0c57a36654ea58e726d70c0d09cae913/tensorflow-2.19.0-cp312-cp312-win_amd64.whl
Exception: [SocketCore.cc:886] errorCode=1 Failed to receive data, cause: Error: The handle specified is invalid
(80090301)
2025-06-16 09:34:33.180892 [ERROR] [AbstractCommand.cc:377] CUID#16 - Download aborted. URI=https://files.pythonhosted.org/packages/5c/98/d145af334fd5807d6ba1ead447bf0c57a36654ea58e726d70c0d09cae913/tensorflow-2.19.0-cp312-cp312-win_amd64.whl
Exception: [AbstractCommand.cc:340] errorCode=2 Timeout.
2025-06-16 09:35:12.304818 [ERROR] [AbstractCommand.cc:377] CUID#14 - Download aborted. URI=https://files.pythonhosted.org/packages/5c/98/d145af334fd5807d6ba1ead447bf0c57a36654ea58e726d70c0d09cae913/tensorflow-2.19.0-cp312-cp312-win_amd64.whl
Exception: [AbstractCommand.cc:340] errorCode=2 Timeout.
2025-06-16 09:37:09.372353 [ERROR] [AbstractCommand.cc:377] CUID#17 - Download aborted. URI=https://files.pythonhosted.org/packages/5c/98/d145af334fd5807d6ba1ead447bf0c57a36654ea58e726d70c0d09cae913/tensorflow-2.19.0-cp312-cp312-win_amd64.whl
Exception: [AbstractCommand.cc:340] errorCode=2 Timeout.
2025-06-17 17:09:47.858567 [ERROR] [AbstractCommand.cc:377] CUID#140 - Download aborted. URI=https://github.com/caorushizi/mediago/archive/refs/heads/master.zip
Exception: [AbstractCommand.cc:312] errorCode=1 Network problem has occurred. cause:A socket operation was attempted to an unreachable network.

2025-06-23 12:17:38.610652 [WARN] [DownloadEngineFactory.cc:198] Neither --rpc-secret nor a combination of --rpc-user and --rpc-passwd is set. This is insecure. It is extremely recommended to specify --rpc-secret with the adequate secrecy or now deprecated --rpc-user and --rpc-passwd.
2025-06-23 12:25:34.765633 [WARN] [DownloadEngineFactory.cc:198] Neither --rpc-secret nor a combination of --rpc-user and --rpc-passwd is set. This is insecure. It is extremely recommended to specify --rpc-secret with the adequate secrecy or now deprecated --rpc-user and --rpc-passwd.
2025-06-23 12:26:14.847140 [ERROR] [AbstractCommand.cc:349] CUID#10 - Download aborted. URI=https://get.videolan.org/vlc/3.0.21/win32/vlc-3.0.21-win32.exe
Exception: [AbstractCommand.cc:351] errorCode=1 URI=https://get.videolan.org/vlc/3.0.21/win32/vlc-3.0.21-win32.exe
  -> [SocketCore.cc:1019] errorCode=1 SSL/TLS handshake failure: Error: The revocation function was unable to check revocation because the revocation server was offline.
(80092013)
2025-06-23 12:27:41.932580 [WARN] [DownloadEngineFactory.cc:198] Neither --rpc-secret nor a combination of --rpc-user and --rpc-passwd is set. This is insecure. It is extremely recommended to specify --rpc-secret with the adequate secrecy or now deprecated --rpc-user and --rpc-passwd.
2025-06-24 20:01:59.399637 [WARN] [DownloadEngineFactory.cc:198] Neither --rpc-secret nor a combination of --rpc-user and --rpc-passwd is set. This is insecure. It is extremely recommended to specify --rpc-secret with the adequate secrecy or now deprecated --rpc-user and --rpc-passwd.
2025-06-24 20:03:19.736214 [ERROR] [AbstractCommand.cc:349] CUID#10 - Download aborted. URI=https://partner-images.canonical.com/core/disco/current/ubuntu-disco-core-cloudimg-arm64-root.tar.gz
Exception: [AbstractCommand.cc:351] errorCode=3 URI=https://partner-images.canonical.com/core/disco/current/ubuntu-disco-core-cloudimg-arm64-root.tar.gz
  -> [HttpSkipResponseCommand.cc:218] errorCode=3 Resource not found
2025-07-01 13:43:12.153466 [ERROR] [AbstractCommand.cc:349] CUID#551 - Download aborted. URI=https://github.com/caorushizi/mediago/releases/download/v3.0.1/mediago-portable-win32-x64-3.0.1.exe
Exception: [AbstractCommand.cc:351] errorCode=1 URI=https://github.com/caorushizi/mediago/releases/download/v3.0.1/mediago-portable-win32-x64-3.0.1.exe
  -> [SocketCore.cc:1019] errorCode=1 SSL/TLS handshake failure: Error: An existing connection was forcibly closed by the remote host.
(2746)
2025-07-01 23:02:26.687629 [ERROR] [AbstractCommand.cc:349] CUID#590 - Download aborted. URI=https://services.gradle.org/distributions/gradle-8.3.1-bin.zip
Exception: [AbstractCommand.cc:351] errorCode=3 URI=https://github.com/gradle/gradle-distributions/releases/download/v8.3.1/gradle-8.3.1-bin.zip
  -> [HttpSkipResponseCommand.cc:218] errorCode=3 Resource not found
2025-07-02 13:12:41.352735 [ERROR] [AbstractCommand.cc:377] CUID#595 - Download aborted. URI=https://services.gradle.org/distributions/gradle-8.6-bin.zip
Exception: [AbstractCommand.cc:340] errorCode=2 Timeout.
2025-07-02 13:23:51.707479 [ERROR] [AbstractCommand.cc:377] CUID#594 - Download aborted. URI=https://services.gradle.org/distributions/gradle-8.6-bin.zip
Exception: [AbstractCommand.cc:340] errorCode=2 Timeout.
2025-07-02 13:48:44.715249 [ERROR] [AbstractCommand.cc:377] CUID#596 - Download aborted. URI=https://services.gradle.org/distributions/gradle-8.6-bin.zip
Exception: [AbstractCommand.cc:340] errorCode=2 Timeout.
2025-07-02 13:49:15.703094 [ERROR] [AbstractCommand.cc:377] CUID#591 - Download aborted. URI=https://services.gradle.org/distributions/gradle-8.6-bin.zip
Exception: [AbstractCommand.cc:340] errorCode=2 Timeout.
2025-07-02 13:49:44.706570 [ERROR] [AbstractCommand.cc:377] CUID#593 - Download aborted. URI=https://services.gradle.org/distributions/gradle-8.6-bin.zip
Exception: [AbstractCommand.cc:340] errorCode=2 Timeout.
2025-07-04 01:56:16.112404 [ERROR] [AbstractCommand.cc:349] CUID#1467 - Download aborted. URI=https://www.apkmirror.com/wp-content/themes/APKMirror/download.php?id=9657243&key=87839f2d6895ab73c87794a1b1d5163d1c3864dd
Exception: [AbstractCommand.cc:351] errorCode=22 URI=https://www.apkmirror.com/wp-content/themes/APKMirror/download.php?id=9657243&key=87839f2d6895ab73c87794a1b1d5163d1c3864dd
  -> [HttpSkipResponseCommand.cc:239] errorCode=22 The response status is not successful. status=429
2025-07-05 08:50:53.586500 [ERROR] [AbstractCommand.cc:377] CUID#1826 - Download aborted. URI=https://github.com/nicegram/Nicegram-Android/releases/latest/download/app.apk
Exception: [SocketCore.cc:886] errorCode=1 Failed to receive data, cause: Error: The handle specified is invalid
(80090301)
2025-07-05 08:56:16.999214 [ERROR] [AbstractCommand.cc:377] CUID#1825 - Download aborted. URI=https://github.com/nicegram/Nicegram-Android/releases/latest/download/app.apk
Exception: [AbstractCommand.cc:340] errorCode=2 Timeout.
2025-07-05 09:02:02.826044 [ERROR] [AbstractCommand.cc:377] CUID#1821 - Download aborted. URI=https://github.com/nicegram/Nicegram-Android/releases/latest/download/app.apk
Exception: [AbstractCommand.cc:340] errorCode=2 Timeout.
2025-07-05 09:06:27.982421 [ERROR] [AbstractCommand.cc:377] CUID#1823 - Download aborted. URI=https://github.com/nicegram/Nicegram-Android/releases/latest/download/app.apk
Exception: [AbstractCommand.cc:340] errorCode=2 Timeout.
2025-07-05 09:31:53.708087 [ERROR] [AbstractCommand.cc:377] CUID#1824 - Download aborted. URI=https://github.com/nicegram/Nicegram-Android/releases/latest/download/app.apk
Exception: [AbstractCommand.cc:340] errorCode=2 Timeout.
2025-07-05 14:27:48.507034 [ERROR] [AbstractCommand.cc:377] CUID#1846 - Download aborted. URI=https://github.com/nicegram/Nicegram-Android/releases/latest/download/app.apk
Exception: [AbstractCommand.cc:340] errorCode=2 Timeout.
2025-07-05 14:31:51.403130 [ERROR] [AbstractCommand.cc:377] CUID#1848 - Download aborted. URI=https://github.com/nicegram/Nicegram-Android/releases/latest/download/app.apk
Exception: [AbstractCommand.cc:340] errorCode=2 Timeout.
2025-07-05 14:40:24.692505 [ERROR] [AbstractCommand.cc:377] CUID#1847 - Download aborted. URI=https://github.com/nicegram/Nicegram-Android/releases/latest/download/app.apk
Exception: [AbstractCommand.cc:340] errorCode=2 Timeout.
2025-07-05 15:00:16.009511 [ERROR] [AbstractCommand.cc:377] CUID#1844 - Download aborted. URI=https://github.com/nicegram/Nicegram-Android/releases/latest/download/app.apk
Exception: [AbstractCommand.cc:340] errorCode=2 Timeout.
2025-07-05 15:07:02.079706 [ERROR] [AbstractCommand.cc:377] CUID#1845 - Download aborted. URI=https://github.com/nicegram/Nicegram-Android/releases/latest/download/app.apk
Exception: [AbstractCommand.cc:312] errorCode=1 Network problem has occurred. cause:A socket operation was attempted to an unreachable network.

2025-07-06 18:51:50.515625 [WARN] [DownloadEngineFactory.cc:198] Neither --rpc-secret nor a combination of --rpc-user and --rpc-passwd is set. This is insecure. It is extremely recommended to specify --rpc-secret with the adequate secrecy or now deprecated --rpc-user and --rpc-passwd.
2025-07-06 18:54:12.800438 [WARN] [DownloadEngineFactory.cc:198] Neither --rpc-secret nor a combination of --rpc-user and --rpc-passwd is set. This is insecure. It is extremely recommended to specify --rpc-secret with the adequate secrecy or now deprecated --rpc-user and --rpc-passwd.
2025-07-06 18:56:55.450768 [WARN] [DownloadEngineFactory.cc:198] Neither --rpc-secret nor a combination of --rpc-user and --rpc-passwd is set. This is insecure. It is extremely recommended to specify --rpc-secret with the adequate secrecy or now deprecated --rpc-user and --rpc-passwd.
2025-07-06 18:58:32.172293 [WARN] [DownloadEngineFactory.cc:198] Neither --rpc-secret nor a combination of --rpc-user and --rpc-passwd is set. This is insecure. It is extremely recommended to specify --rpc-secret with the adequate secrecy or now deprecated --rpc-user and --rpc-passwd.
2025-07-06 19:30:45.197576 [WARN] [DownloadEngineFactory.cc:198] Neither --rpc-secret nor a combination of --rpc-user and --rpc-passwd is set. This is insecure. It is extremely recommended to specify --rpc-secret with the adequate secrecy or now deprecated --rpc-user and --rpc-passwd.
2025-07-06 19:40:34.360935 [WARN] [DownloadEngineFactory.cc:198] Neither --rpc-secret nor a combination of --rpc-user and --rpc-passwd is set. This is insecure. It is extremely recommended to specify --rpc-secret with the adequate secrecy or now deprecated --rpc-user and --rpc-passwd.
2025-07-06 19:48:54.350345 [WARN] [DownloadEngineFactory.cc:198] Neither --rpc-secret nor a combination of --rpc-user and --rpc-passwd is set. This is insecure. It is extremely recommended to specify --rpc-secret with the adequate secrecy or now deprecated --rpc-user and --rpc-passwd.
2025-07-06 19:50:11.409451 [WARN] [DownloadEngineFactory.cc:198] Neither --rpc-secret nor a combination of --rpc-user and --rpc-passwd is set. This is insecure. It is extremely recommended to specify --rpc-secret with the adequate secrecy or now deprecated --rpc-user and --rpc-passwd.
2025-07-06 20:07:12.275779 [WARN] [DownloadEngineFactory.cc:198] Neither --rpc-secret nor a combination of --rpc-user and --rpc-passwd is set. This is insecure. It is extremely recommended to specify --rpc-secret with the adequate secrecy or now deprecated --rpc-user and --rpc-passwd.
2025-07-06 21:51:09.950968 [ERROR] [AbstractCommand.cc:349] CUID#22 - Download aborted. URI=https://www.apkmirror.com/wp-content/themes/APKMirror/download.php?id=9764349&key=fbef0f9e9a20c6d22756621a627acbcdfa86fee0
Exception: [AbstractCommand.cc:351] errorCode=22 URI=https://www.apkmirror.com/wp-content/themes/APKMirror/download.php?id=9764349&key=fbef0f9e9a20c6d22756621a627acbcdfa86fee0
  -> [HttpSkipResponseCommand.cc:239] errorCode=22 The response status is not successful. status=403
2025-07-06 21:52:05.943803 [ERROR] [AbstractCommand.cc:349] CUID#23 - Download aborted. URI=https://www.apkmirror.com/wp-content/themes/APKMirror/download.php?id=9764349&key=fbef0f9e9a20c6d22756621a627acbcdfa86fee0
Exception: [AbstractCommand.cc:351] errorCode=22 URI=https://www.apkmirror.com/wp-content/themes/APKMirror/download.php?id=9764349&key=fbef0f9e9a20c6d22756621a627acbcdfa86fee0
  -> [HttpSkipResponseCommand.cc:239] errorCode=22 The response status is not successful. status=403
2025-07-06 21:53:58.727117 [ERROR] [AbstractCommand.cc:349] CUID#24 - Download aborted. URI=https://www.apkmirror.com/wp-content/themes/APKMirror/download.php?id=9764349&key=fbef0f9e9a20c6d22756621a627acbcdfa86fee0
Exception: [AbstractCommand.cc:351] errorCode=22 URI=https://www.apkmirror.com/wp-content/themes/APKMirror/download.php?id=9764349&key=fbef0f9e9a20c6d22756621a627acbcdfa86fee0
  -> [HttpSkipResponseCommand.cc:239] errorCode=22 The response status is not successful. status=403
